<?xml version="1.0" encoding="UTF-8"?>
<!-- Generated by org.testng.reporters.JUnitXMLReporter -->
<testsuite hostname="UK1LPT66" ignored="0" name="Default test(failed)(failed)" tests="1" failures="1" timestamp="28 Jun 2020 14:36:04 GMT" time="31.329" errors="0">
  <testcase name="runScenario" time="30.217" classname="io.cucumber.testng.AbstractTestNGCucumberTests">
    <failure type="java.lang.NullPointerException">
      <![CDATA[java.lang.NullPointerException
at com.selenium.webdriver.WebConnector.click(WebConnector.java:69)
at com.selenium.steps.GenericSteps.logout(GenericSteps.java:72)
at ✽.I logout by selecting SignOut_xpath button(file:///C:/Ravibabu/SWProjects/CucumberProjectRediff/src/test/resources/com/selenium/rediff/login.feature:40)
]]>
    </failure>
  </testcase> <!-- runScenario -->
</testsuite> <!-- Default test(failed)(failed) -->
