<?xml version="1.0" encoding="UTF-8"?>
<!-- Generated by org.testng.reporters.JUnitXMLReporter -->
<testsuite hostname="UK1LPT66" ignored="0" name="My Tests" tests="3" failures="0" timestamp="30 Jun 2020 23:11:05 GMT" time="35.728" errors="0">
  <testcase name="runScenario" time="15.974" classname="io.cucumber.testng.AbstractTestNGCucumberTests"/>
  <testcase name="runScenario" time="10.254" classname="io.cucumber.testng.AbstractTestNGCucumberTests"/>
  <testcase name="runScenario" time="8.336" classname="io.cucumber.testng.AbstractTestNGCucumberTests"/>
</testsuite> <!-- My Tests -->
